#
# There is insufficient memory for the Java Runtime Environment to continue.
# Native memory allocation (malloc) failed to allocate 1068896 bytes. Error detail: Chunk::new
# Possible reasons:
#   The system is out of physical RAM or swap space
#   This process is running with CompressedOops enabled, and the Java Heap may be blocking the growth of the native heap
# Possible solutions:
#   Reduce memory load on the system
#   Increase physical memory or swap space
#   Check if swap backing store is full
#   Decrease Java heap size (-Xmx/-Xms)
#   Decrease number of Java threads
#   Decrease Java thread stack sizes (-Xss)
#   Set larger code cache with -XX:ReservedCodeCacheSize=
#   JVM is running with Unscaled Compressed Oops mode in which the Java heap is
#     placed in the first 4GB address space. The Java Heap base address is the
#     maximum limit for the native heap growth. Please use -XX:HeapBaseMinAddress
#     to set the Java Heap base and to place the Java Heap above 4GB virtual address.
# This output file may be truncated or incomplete.
#
#  Out of Memory Error (arena.cpp:168), pid=31712, tid=7264
#
# JRE version: OpenJDK Runtime Environment Temurin-21.0.7+6 (21.0.7+6) (build 21.0.7+6-LTS)
# Java VM: OpenJDK 64-Bit Server VM Temurin-21.0.7+6 (21.0.7+6-LTS, mixed mode, sharing, tiered, compressed oops, compressed class ptrs, parallel gc, windows-amd64)
# No core dump will be written. Minidumps are not enabled by default on client versions of Windows
#

---------------  S U M M A R Y ------------

Command Line: --add-modules=ALL-SYSTEM --add-opens=java.base/java.util=ALL-UNNAMED --add-opens=java.base/java.lang=ALL-UNNAMED --add-opens=java.base/sun.nio.fs=ALL-UNNAMED -Declipse.application=org.eclipse.jdt.ls.core.id1 -Dosgi.bundles.defaultStartLevel=4 -Declipse.product=org.eclipse.jdt.ls.core.product -Djava.import.generatesMetadataFilesAtProjectRoot=false -DDetectVMInstallationsJob.disabled=true -Dfile.encoding=utf8 -XX:+UseParallelGC -XX:GCTimeRatio=4 -XX:AdaptiveSizePolicyWeight=90 -Dsun.zip.disableMemoryMapping=true -Xmx1G -Xms100m -Xlog:disable -javaagent:c:\Users\kiran\.vscode\extensions\redhat.java-1.42.0-win32-x64\lombok\lombok-1.18.36.jar -XX:+HeapDumpOnOutOfMemoryError -XX:HeapDumpPath=c:\Users\kiran\AppData\Roaming\Code\User\workspaceStorage\2d7ce59ca2b74894ce9e7e193435bb0d\redhat.java -Daether.dependencyCollector.impl=bf c:\Users\kiran\.vscode\extensions\redhat.java-1.42.0-win32-x64\server\plugins\org.eclipse.equinox.launcher_1.7.0.v20250424-1814.jar -configuration c:\Users\kiran\AppData\Roaming\Code\User\globalStorage\redhat.java\1.42.0\config_win -data c:\Users\kiran\AppData\Roaming\Code\User\workspaceStorage\2d7ce59ca2b74894ce9e7e193435bb0d\redhat.java\jdt_ws --pipe=\\.\pipe\lsp-250a4bdfa39ba5edd5fbf57cbde1d3fa-sock

Host: 12th Gen Intel(R) Core(TM) i5-1235U, 12 cores, 5G,  Windows 11 , 64 bit Build 26100 (10.0.26100.3912)
Time: Thu May 29 17:27:06 2025 India Standard Time elapsed time: 96.768319 seconds (0d 0h 1m 36s)

---------------  T H R E A D  ---------------

Current thread (0x000001b16857c7c0):  JavaThread "C2 CompilerThread0" daemon [_thread_in_native, id=7264, stack(0x0000006094000000,0x0000006094100000) (1024K)]


Current CompileTask:
C2:96772 7030       4       org.eclipse.osgi.container.ModuleDatabase$Persistence::addMap (289 bytes)

Stack: [0x0000006094000000,0x0000006094100000]
Native frames: (J=compiled Java code, j=interpreted, Vv=VM code, C=native code)
V  [jvm.dll+0x6ce119]
V  [jvm.dll+0x8a84a1]
V  [jvm.dll+0x8aa9ce]
V  [jvm.dll+0x8ab0b3]
V  [jvm.dll+0x27f8a6]
V  [jvm.dll+0xc507d]
V  [jvm.dll+0xc55b3]
V  [jvm.dll+0x2f2c6d]
V  [jvm.dll+0x5f6bca]
V  [jvm.dll+0x250cb2]
V  [jvm.dll+0x25106f]
V  [jvm.dll+0x249934]
V  [jvm.dll+0x246fc4]
V  [jvm.dll+0x1c760e]
V  [jvm.dll+0x25695a]
V  [jvm.dll+0x254efa]
V  [jvm.dll+0x3f03f6]
V  [jvm.dll+0x851f6b]
V  [jvm.dll+0x6cc7dd]
C  [ucrtbase.dll+0x37b0]
C  [KERNEL32.DLL+0x2e8d7]
C  [ntdll.dll+0x9c5dc]


---------------  P R O C E S S  ---------------

Threads class SMR info:
_java_thread_list=0x000001b146d271f0, length=41, elements={
0x000001b1684cea10, 0x000001b17c8be8e0, 0x000001b168575050, 0x000001b1685764a0,
0x000001b168576ef0, 0x000001b16857a670, 0x000001b16857b860, 0x000001b16857c7c0,
0x000001b17dd60c40, 0x000001b17de55fa0, 0x000001b17e072540, 0x000001b17f13fe50,
0x000001b17f17e4c0, 0x000001b17f0ca300, 0x000001b17f431a10, 0x000001b1452c7950,
0x000001b1452c7fe0, 0x000001b1452c5880, 0x000001b1452c51f0, 0x000001b1452c65a0,
0x000001b1452c6c30, 0x000001b1452c72c0, 0x000001b1452c8d00, 0x000001b1452ca0b0,
0x000001b1452cbaf0, 0x000001b1452c9a20, 0x000001b1452ca740, 0x000001b1452cadd0,
0x000001b1452c8670, 0x000001b1452cc180, 0x000001b1452cb460, 0x000001b17f2a8a70,
0x000001b17f2a6310, 0x000001b17f2a9100, 0x000001b17f2a7030, 0x000001b17f2a9790,
0x000001b17f2a7d50, 0x000001b17f2a69a0, 0x000001b17f2a76c0, 0x000001b1459f0720,
0x000001b1459f0090
}

Java Threads: ( => current thread )
  0x000001b1684cea10 JavaThread "main"                              [_thread_blocked, id=19604, stack(0x0000006093600000,0x0000006093700000) (1024K)]
  0x000001b17c8be8e0 JavaThread "Reference Handler"          daemon [_thread_blocked, id=11812, stack(0x0000006093a00000,0x0000006093b00000) (1024K)]
  0x000001b168575050 JavaThread "Finalizer"                  daemon [_thread_blocked, id=7660, stack(0x0000006093b00000,0x0000006093c00000) (1024K)]
  0x000001b1685764a0 JavaThread "Signal Dispatcher"          daemon [_thread_blocked, id=26832, stack(0x0000006093c00000,0x0000006093d00000) (1024K)]
  0x000001b168576ef0 JavaThread "Attach Listener"            daemon [_thread_blocked, id=29592, stack(0x0000006093d00000,0x0000006093e00000) (1024K)]
  0x000001b16857a670 JavaThread "Service Thread"             daemon [_thread_blocked, id=30432, stack(0x0000006093e00000,0x0000006093f00000) (1024K)]
  0x000001b16857b860 JavaThread "Monitor Deflation Thread"   daemon [_thread_blocked, id=17900, stack(0x0000006093f00000,0x0000006094000000) (1024K)]
=>0x000001b16857c7c0 JavaThread "C2 CompilerThread0"         daemon [_thread_in_native, id=7264, stack(0x0000006094000000,0x0000006094100000) (1024K)]
  0x000001b17dd60c40 JavaThread "C1 CompilerThread0"         daemon [_thread_blocked, id=28100, stack(0x0000006094100000,0x0000006094200000) (1024K)]
  0x000001b17de55fa0 JavaThread "Common-Cleaner"             daemon [_thread_blocked, id=17296, stack(0x0000006094200000,0x0000006094300000) (1024K)]
  0x000001b17e072540 JavaThread "Notification Thread"        daemon [_thread_blocked, id=4276, stack(0x0000006094300000,0x0000006094400000) (1024K)]
  0x000001b17f13fe50 JavaThread "Active Thread: Equinox Container: 8fc109b9-88e3-4da0-b26a-48a609767bea"        [_thread_blocked, id=32204, stack(0x0000006095000000,0x0000006095100000) (1024K)]
  0x000001b17f17e4c0 JavaThread "Framework Event Dispatcher: Equinox Container: 8fc109b9-88e3-4da0-b26a-48a609767bea" daemon [_thread_blocked, id=24092, stack(0x0000006094a00000,0x0000006094b00000) (1024K)]
  0x000001b17f0ca300 JavaThread "Start Level: Equinox Container: 8fc109b9-88e3-4da0-b26a-48a609767bea" daemon [_thread_blocked, id=28020, stack(0x0000006094b00000,0x0000006094c00000) (1024K)]
  0x000001b17f431a10 JavaThread "Refresh Thread: Equinox Container: 8fc109b9-88e3-4da0-b26a-48a609767bea" daemon [_thread_blocked, id=11628, stack(0x0000006094d00000,0x0000006094e00000) (1024K)]
  0x000001b1452c7950 JavaThread "Bundle File Closer"         daemon [_thread_blocked, id=6360, stack(0x0000006095d00000,0x0000006095e00000) (1024K)]
  0x000001b1452c7fe0 JavaThread "SCR Component Actor"        daemon [_thread_blocked, id=25872, stack(0x0000006094e00000,0x0000006094f00000) (1024K)]
  0x000001b1452c5880 JavaThread "Worker-JM"                         [_thread_blocked, id=18740, stack(0x0000006093300000,0x0000006093400000) (1024K)]
  0x000001b1452c51f0 JavaThread "Worker-0"                          [_thread_blocked, id=33172, stack(0x0000006093500000,0x0000006093600000) (1024K)]
  0x000001b1452c65a0 JavaThread "Worker-1"                          [_thread_blocked, id=25908, stack(0x0000006095100000,0x0000006095200000) (1024K)]
  0x000001b1452c6c30 JavaThread "Worker-2"                          [_thread_blocked, id=12220, stack(0x0000006095200000,0x0000006095300000) (1024K)]
  0x000001b1452c72c0 JavaThread "Worker-3"                          [_thread_blocked, id=22656, stack(0x0000006095300000,0x0000006095400000) (1024K)]
  0x000001b1452c8d00 JavaThread "Java indexing"              daemon [_thread_blocked, id=33024, stack(0x0000006095400000,0x0000006095500000) (1024K)]
  0x000001b1452ca0b0 JavaThread "JNA Cleaner"                daemon [_thread_blocked, id=25044, stack(0x0000006094f00000,0x0000006095000000) (1024K)]
  0x000001b1452cbaf0 JavaThread "Thread-2"                   daemon [_thread_in_native, id=22328, stack(0x0000006095700000,0x0000006095800000) (1024K)]
  0x000001b1452c9a20 JavaThread "Thread-3"                   daemon [_thread_in_native, id=20716, stack(0x0000006095800000,0x0000006095900000) (1024K)]
  0x000001b1452ca740 JavaThread "Thread-4"                   daemon [_thread_in_native, id=23224, stack(0x0000006095900000,0x0000006095a00000) (1024K)]
  0x000001b1452cadd0 JavaThread "Thread-5"                   daemon [_thread_in_native, id=11332, stack(0x0000006095a00000,0x0000006095b00000) (1024K)]
  0x000001b1452c8670 JavaThread "Thread-6"                   daemon [_thread_in_native, id=25268, stack(0x0000006095e00000,0x0000006095f00000) (1024K)]
  0x000001b1452cc180 JavaThread "Thread-7"                   daemon [_thread_in_native, id=13204, stack(0x0000006095f00000,0x0000006096000000) (1024K)]
  0x000001b1452cb460 JavaThread "Thread-8"                   daemon [_thread_in_native, id=33752, stack(0x0000006096000000,0x0000006096100000) (1024K)]
  0x000001b17f2a8a70 JavaThread "Thread-9"                   daemon [_thread_in_native, id=11652, stack(0x0000006096100000,0x0000006096200000) (1024K)]
  0x000001b17f2a6310 JavaThread "Thread-10"                  daemon [_thread_in_native, id=5464, stack(0x0000006096200000,0x0000006096300000) (1024K)]
  0x000001b17f2a9100 JavaThread "Thread-11"                  daemon [_thread_in_native, id=28840, stack(0x0000006096300000,0x0000006096400000) (1024K)]
  0x000001b17f2a7030 JavaThread "Thread-12"                  daemon [_thread_in_native, id=2196, stack(0x0000006096400000,0x0000006096500000) (1024K)]
  0x000001b17f2a9790 JavaThread "Thread-13"                  daemon [_thread_in_native, id=6684, stack(0x0000006096500000,0x0000006096600000) (1024K)]
  0x000001b17f2a7d50 JavaThread "Thread-14"                  daemon [_thread_in_native, id=28256, stack(0x0000006096600000,0x0000006096700000) (1024K)]
  0x000001b17f2a69a0 JavaThread "pool-2-thread-1"                   [_thread_blocked, id=33456, stack(0x0000006096700000,0x0000006096800000) (1024K)]
  0x000001b17f2a76c0 JavaThread "WorkspaceEventsHandler"            [_thread_blocked, id=23284, stack(0x0000006096800000,0x0000006096900000) (1024K)]
  0x000001b1459f0720 JavaThread "pool-1-thread-1"                   [_thread_in_native, id=9628, stack(0x0000006096900000,0x0000006096a00000) (1024K)]
  0x000001b1459f0090 JavaThread "Keep-Alive-Timer"           daemon [_thread_blocked, id=27888, stack(0x0000006096d00000,0x0000006096e00000) (1024K)]
Total: 41

Other Threads:
  0x000001b17c8a4100 VMThread "VM Thread"                           [id=29292, stack(0x0000006093900000,0x0000006093a00000) (1024K)]
  0x000001b17c79ba00 WatcherThread "VM Periodic Task Thread"        [id=13160, stack(0x0000006093800000,0x0000006093900000) (1024K)]
  0x000001b1684ef090 WorkerThread "GC Thread#0"                     [id=31752, stack(0x0000006093700000,0x0000006093800000) (1024K)]
  0x000001b17ed217d0 WorkerThread "GC Thread#1"                     [id=20464, stack(0x0000006094400000,0x0000006094500000) (1024K)]
  0x000001b17eda9f80 WorkerThread "GC Thread#2"                     [id=22512, stack(0x0000006094500000,0x0000006094600000) (1024K)]
  0x000001b17eff72e0 WorkerThread "GC Thread#3"                     [id=28644, stack(0x0000006094600000,0x0000006094700000) (1024K)]
  0x000001b17ecf82d0 WorkerThread "GC Thread#4"                     [id=19904, stack(0x0000006094700000,0x0000006094800000) (1024K)]
  0x000001b17ecf8670 WorkerThread "GC Thread#5"                     [id=3492, stack(0x0000006094800000,0x0000006094900000) (1024K)]
  0x000001b17ecf8a10 WorkerThread "GC Thread#6"                     [id=24164, stack(0x0000006094900000,0x0000006094a00000) (1024K)]
  0x000001b17df05570 WorkerThread "GC Thread#7"                     [id=32120, stack(0x0000006094c00000,0x0000006094d00000) (1024K)]
  0x000001b17f219d50 WorkerThread "GC Thread#8"                     [id=19544, stack(0x0000006095b00000,0x0000006095c00000) (1024K)]
  0x000001b17f21b310 WorkerThread "GC Thread#9"                     [id=31520, stack(0x0000006095c00000,0x0000006095d00000) (1024K)]
Total: 12

Threads with active compile tasks:
C2 CompilerThread0  96946 7030       4       org.eclipse.osgi.container.ModuleDatabase$Persistence::addMap (289 bytes)
Total: 1

VM state: not at safepoint (normal execution)

VM Mutex/Monitor currently owned by a thread: None

Heap address: 0x00000000c0000000, size: 1024 MB, Compressed Oops mode: 32-bit

CDS archive(s) mapped at: [0x000001b100000000-0x000001b100ba0000-0x000001b100ba0000), size 12189696, SharedBaseAddress: 0x000001b100000000, ArchiveRelocationMode: 1.
Compressed class space mapped at: 0x000001b101000000-0x000001b141000000, reserved size: 1073741824
Narrow klass base: 0x000001b100000000, Narrow klass shift: 0, Narrow klass range: 0x100000000

GC Precious Log:
 CardTable entry size: 512
 CPUs: 12 total, 12 available
 Memory: 5702M
 Large Page Support: Disabled
 NUMA Support: Disabled
 Compressed Oops: Enabled (32-bit)
 Alignments: Space 512K, Generation 512K, Heap 2M
 Heap Min Capacity: 100M
 Heap Initial Capacity: 100M
 Heap Max Capacity: 1G
 Pre-touch: Disabled
 Parallel Workers: 10

Heap:
 PSYoungGen      total 23552K, used 10303K [0x00000000eab00000, 0x00000000ec480000, 0x0000000100000000)
  eden space 22016K, 40% used [0x00000000eab00000,0x00000000eb3cc960,0x00000000ec080000)
  from space 1536K, 84% used [0x00000000ec080000,0x00000000ec1c3550,0x00000000ec200000)
  to   space 2048K, 0% used [0x00000000ec280000,0x00000000ec280000,0x00000000ec480000)
 ParOldGen       total 68608K, used 23031K [0x00000000c0000000, 0x00000000c4300000, 0x00000000eab00000)
  object space 68608K, 33% used [0x00000000c0000000,0x00000000c167df28,0x00000000c4300000)
 Metaspace       used 49454K, committed 50560K, reserved 1114112K
  class space    used 5284K, committed 5760K, reserved 1048576K

Card table byte_map: [0x000001b167e70000,0x000001b168080000] _byte_map_base: 0x000001b167870000

Marking Bits: (ParMarkBitMap*) 0x00007ffc18a931f0
 Begin Bits: [0x000001b17a6c0000, 0x000001b17b6c0000)
 End Bits:   [0x000001b17b6c0000, 0x000001b17c6c0000)

Polling page: 0x000001b167c10000

Metaspace:

Usage:
  Non-class:     43.14 MB used.
      Class:      5.16 MB used.
       Both:     48.30 MB used.

Virtual space:
  Non-class space:       64.00 MB reserved,      43.75 MB ( 68%) committed,  1 nodes.
      Class space:        1.00 GB reserved,       5.62 MB ( <1%) committed,  1 nodes.
             Both:        1.06 GB reserved,      49.38 MB (  5%) committed. 

Chunk freelists:
   Non-Class:  4.21 MB
       Class:  10.22 MB
        Both:  14.42 MB

MaxMetaspaceSize: unlimited
CompressedClassSpaceSize: 1.00 GB
Initial GC threshold: 21.00 MB
Current GC threshold: 58.38 MB
CDS: on
 - commit_granule_bytes: 65536.
 - commit_granule_words: 8192.
 - virtual_space_node_default_size: 8388608.
 - enlarge_chunks_in_place: 1.
 - use_allocation_guard: 0.


Internal statistics:

num_allocs_failed_limit: 10.
num_arena_births: 784.
num_arena_deaths: 24.
num_vsnodes_births: 2.
num_vsnodes_deaths: 0.
num_space_committed: 790.
num_space_uncommitted: 0.
num_chunks_returned_to_freelist: 38.
num_chunks_taken_from_freelist: 2726.
num_chunk_merges: 17.
num_chunk_splits: 1726.
num_chunks_enlarged: 1034.
num_inconsistent_stats: 0.

CodeHeap 'non-profiled nmethods': size=120000Kb used=3458Kb max_used=3458Kb free=116541Kb
 bounds [0x000001b173190000, 0x000001b173500000, 0x000001b17a6c0000]
CodeHeap 'profiled nmethods': size=120000Kb used=13568Kb max_used=13568Kb free=106431Kb
 bounds [0x000001b16b6c0000, 0x000001b16c410000, 0x000001b172bf0000]
CodeHeap 'non-nmethods': size=5760Kb used=1401Kb max_used=1435Kb free=4358Kb
 bounds [0x000001b172bf0000, 0x000001b172e60000, 0x000001b173190000]
 total_blobs=7070 nmethods=6369 adapters=607
 compilation: enabled
              stopped_count=0, restarted_count=0
 full_count=0

Compilation events (20 events):
Event: 94.547 Thread 0x000001b17dd60c40 7063       3       com.google.gson.stream.JsonReader::push (131 bytes)
Event: 94.548 Thread 0x000001b17dd60c40 nmethod 7063 0x000001b16c3f1810 code [0x000001b16c3f1ac0, 0x000001b16c3f2610]
Event: 94.548 Thread 0x000001b17dd60c40 7064       3       com.google.gson.internal.LinkedTreeMap::<init> (47 bytes)
Event: 94.548 Thread 0x000001b17dd60c40 nmethod 7064 0x000001b16c3f2a90 code [0x000001b16c3f2c60, 0x000001b16c3f3010]
Event: 94.548 Thread 0x000001b17dd60c40 7066       3       com.google.gson.internal.LinkedTreeMap::<init> (9 bytes)
Event: 94.548 Thread 0x000001b17dd60c40 nmethod 7066 0x000001b16c3f3190 code [0x000001b16c3f3340, 0x000001b16c3f3490]
Event: 94.548 Thread 0x000001b17dd60c40 7067       3       com.google.gson.internal.bind.MapTypeAdapterFactory$Adapter::read (6 bytes)
Event: 94.551 Thread 0x000001b17dd60c40 nmethod 7067 0x000001b16c3f3510 code [0x000001b16c3f36c0, 0x000001b16c3f37f8]
Event: 94.551 Thread 0x000001b17dd60c40 7068       3       com.google.gson.internal.ConstructorConstructor$$Lambda/0x000001b1015092a0::construct (4 bytes)
Event: 94.551 Thread 0x000001b17dd60c40 nmethod 7068 0x000001b16c3f3890 code [0x000001b16c3f3a60, 0x000001b16c3f3ce0]
Event: 94.551 Thread 0x000001b17dd60c40 7069       3       com.google.gson.internal.ConstructorConstructor::lambda$newMapConstructor$14 (8 bytes)
Event: 94.551 Thread 0x000001b17dd60c40 nmethod 7069 0x000001b16c3f3e10 code [0x000001b16c3f3fc0, 0x000001b16c3f41c0]
Event: 94.554 Thread 0x000001b17dd60c40 7072       3       org.eclipse.osgi.container.ModuleWiring::getPersistentRequiredWires (9 bytes)
Event: 94.554 Thread 0x000001b17dd60c40 nmethod 7072 0x000001b16c3f4290 code [0x000001b16c3f4440, 0x000001b16c3f4580]
Event: 94.554 Thread 0x000001b17dd60c40 7073       3       org.eclipse.osgi.container.ModuleWiring::getPersistentWires (99 bytes)
Event: 94.555 Thread 0x000001b17dd60c40 nmethod 7073 0x000001b16c3f4610 code [0x000001b16c3f4880, 0x000001b16c3f54c0]
Event: 94.555 Thread 0x000001b17dd60c40 7074       3       org.eclipse.osgi.container.ModuleDatabase$Persistence::writeWiring (453 bytes)
Event: 94.563 Thread 0x000001b17dd60c40 nmethod 7074 0x000001b16c3f5890 code [0x000001b16c3f6360, 0x000001b16c3fd3f8]
Event: 95.647 Thread 0x000001b17dd60c40 7075       3       java.io.File::getParent (65 bytes)
Event: 95.649 Thread 0x000001b17dd60c40 nmethod 7075 0x000001b16c3ff490 code [0x000001b16c3ff6e0, 0x000001b16c3ffda8]

GC Heap History (20 events):
Event: 69.179 GC heap before
{Heap before GC invocations=12 (full 1):
 PSYoungGen      total 25600K, used 25490K [0x00000000eab00000, 0x00000000ec880000, 0x0000000100000000)
  eden space 23040K, 100% used [0x00000000eab00000,0x00000000ec180000,0x00000000ec180000)
  from space 2560K, 95% used [0x00000000ec600000,0x00000000ec864908,0x00000000ec880000)
  to   space 3072K, 0% used [0x00000000ec280000,0x00000000ec280000,0x00000000ec580000)
 ParOldGen       total 68608K, used 13499K [0x00000000c0000000, 0x00000000c4300000, 0x00000000eab00000)
  object space 68608K, 19% used [0x00000000c0000000,0x00000000c0d2ee90,0x00000000c4300000)
 Metaspace       used 28372K, committed 29248K, reserved 1114112K
  class space    used 2767K, committed 3136K, reserved 1048576K
}
Event: 69.183 GC heap after
{Heap after GC invocations=12 (full 1):
 PSYoungGen      total 25088K, used 2216K [0x00000000eab00000, 0x00000000ec680000, 0x0000000100000000)
  eden space 22528K, 0% used [0x00000000eab00000,0x00000000eab00000,0x00000000ec100000)
  from space 2560K, 86% used [0x00000000ec280000,0x00000000ec4aa2b0,0x00000000ec500000)
  to   space 1536K, 0% used [0x00000000ec500000,0x00000000ec500000,0x00000000ec680000)
 ParOldGen       total 68608K, used 13967K [0x00000000c0000000, 0x00000000c4300000, 0x00000000eab00000)
  object space 68608K, 20% used [0x00000000c0000000,0x00000000c0da3fa0,0x00000000c4300000)
 Metaspace       used 28372K, committed 29248K, reserved 1114112K
  class space    used 2767K, committed 3136K, reserved 1048576K
}
Event: 69.755 GC heap before
{Heap before GC invocations=13 (full 1):
 PSYoungGen      total 25088K, used 24744K [0x00000000eab00000, 0x00000000ec680000, 0x0000000100000000)
  eden space 22528K, 100% used [0x00000000eab00000,0x00000000ec100000,0x00000000ec100000)
  from space 2560K, 86% used [0x00000000ec280000,0x00000000ec4aa2b0,0x00000000ec500000)
  to   space 1536K, 0% used [0x00000000ec500000,0x00000000ec500000,0x00000000ec680000)
 ParOldGen       total 68608K, used 13967K [0x00000000c0000000, 0x00000000c4300000, 0x00000000eab00000)
  object space 68608K, 20% used [0x00000000c0000000,0x00000000c0da3fa0,0x00000000c4300000)
 Metaspace       used 29778K, committed 30720K, reserved 1114112K
  class space    used 2921K, committed 3328K, reserved 1048576K
}
Event: 69.759 GC heap after
{Heap after GC invocations=13 (full 1):
 PSYoungGen      total 23040K, used 1008K [0x00000000eab00000, 0x00000000ec600000, 0x0000000100000000)
  eden space 22016K, 0% used [0x00000000eab00000,0x00000000eab00000,0x00000000ec080000)
  from space 1024K, 98% used [0x00000000ec500000,0x00000000ec5fc360,0x00000000ec600000)
  to   space 1536K, 0% used [0x00000000ec300000,0x00000000ec300000,0x00000000ec480000)
 ParOldGen       total 68608K, used 15952K [0x00000000c0000000, 0x00000000c4300000, 0x00000000eab00000)
  object space 68608K, 23% used [0x00000000c0000000,0x00000000c0f941e0,0x00000000c4300000)
 Metaspace       used 29778K, committed 30720K, reserved 1114112K
  class space    used 2921K, committed 3328K, reserved 1048576K
}
Event: 70.531 GC heap before
{Heap before GC invocations=14 (full 1):
 PSYoungGen      total 23040K, used 23024K [0x00000000eab00000, 0x00000000ec600000, 0x0000000100000000)
  eden space 22016K, 100% used [0x00000000eab00000,0x00000000ec080000,0x00000000ec080000)
  from space 1024K, 98% used [0x00000000ec500000,0x00000000ec5fc360,0x00000000ec600000)
  to   space 1536K, 0% used [0x00000000ec300000,0x00000000ec300000,0x00000000ec480000)
 ParOldGen       total 68608K, used 15952K [0x00000000c0000000, 0x00000000c4300000, 0x00000000eab00000)
  object space 68608K, 23% used [0x00000000c0000000,0x00000000c0f941e0,0x00000000c4300000)
 Metaspace       used 31910K, committed 32768K, reserved 1114112K
  class space    used 3159K, committed 3520K, reserved 1048576K
}
Event: 70.534 GC heap after
{Heap after GC invocations=14 (full 1):
 PSYoungGen      total 23040K, used 911K [0x00000000eab00000, 0x00000000ec580000, 0x0000000100000000)
  eden space 22016K, 0% used [0x00000000eab00000,0x00000000eab00000,0x00000000ec080000)
  from space 1024K, 89% used [0x00000000ec300000,0x00000000ec3e3dc0,0x00000000ec400000)
  to   space 1536K, 0% used [0x00000000ec400000,0x00000000ec400000,0x00000000ec580000)
 ParOldGen       total 68608K, used 16797K [0x00000000c0000000, 0x00000000c4300000, 0x00000000eab00000)
  object space 68608K, 24% used [0x00000000c0000000,0x00000000c1067470,0x00000000c4300000)
 Metaspace       used 31910K, committed 32768K, reserved 1114112K
  class space    used 3159K, committed 3520K, reserved 1048576K
}
Event: 71.531 GC heap before
{Heap before GC invocations=15 (full 1):
 PSYoungGen      total 23040K, used 21341K [0x00000000eab00000, 0x00000000ec580000, 0x0000000100000000)
  eden space 22016K, 92% used [0x00000000eab00000,0x00000000ebef36e0,0x00000000ec080000)
  from space 1024K, 89% used [0x00000000ec300000,0x00000000ec3e3dc0,0x00000000ec400000)
  to   space 1536K, 0% used [0x00000000ec400000,0x00000000ec400000,0x00000000ec580000)
 ParOldGen       total 68608K, used 16797K [0x00000000c0000000, 0x00000000c4300000, 0x00000000eab00000)
  object space 68608K, 24% used [0x00000000c0000000,0x00000000c1067470,0x00000000c4300000)
 Metaspace       used 34917K, committed 35840K, reserved 1114112K
  class space    used 3524K, committed 3904K, reserved 1048576K
}
Event: 71.693 GC heap after
{Heap after GC invocations=15 (full 1):
 PSYoungGen      total 23552K, used 1088K [0x00000000eab00000, 0x00000000ec580000, 0x0000000100000000)
  eden space 22016K, 0% used [0x00000000eab00000,0x00000000eab00000,0x00000000ec080000)
  from space 1536K, 70% used [0x00000000ec400000,0x00000000ec510000,0x00000000ec580000)
  to   space 1536K, 0% used [0x00000000ec280000,0x00000000ec280000,0x00000000ec400000)
 ParOldGen       total 68608K, used 17471K [0x00000000c0000000, 0x00000000c4300000, 0x00000000eab00000)
  object space 68608K, 25% used [0x00000000c0000000,0x00000000c110ffe0,0x00000000c4300000)
 Metaspace       used 34917K, committed 35840K, reserved 1114112K
  class space    used 3524K, committed 3904K, reserved 1048576K
}
Event: 71.693 GC heap before
{Heap before GC invocations=16 (full 2):
 PSYoungGen      total 23552K, used 1088K [0x00000000eab00000, 0x00000000ec580000, 0x0000000100000000)
  eden space 22016K, 0% used [0x00000000eab00000,0x00000000eab00000,0x00000000ec080000)
  from space 1536K, 70% used [0x00000000ec400000,0x00000000ec510000,0x00000000ec580000)
  to   space 1536K, 0% used [0x00000000ec280000,0x00000000ec280000,0x00000000ec400000)
 ParOldGen       total 68608K, used 17471K [0x00000000c0000000, 0x00000000c4300000, 0x00000000eab00000)
  object space 68608K, 25% used [0x00000000c0000000,0x00000000c110ffe0,0x00000000c4300000)
 Metaspace       used 34917K, committed 35840K, reserved 1114112K
  class space    used 3524K, committed 3904K, reserved 1048576K
}
Event: 72.027 GC heap after
{Heap after GC invocations=16 (full 2):
 PSYoungGen      total 23552K, used 0K [0x00000000eab00000, 0x00000000ec580000, 0x0000000100000000)
  eden space 22016K, 0% used [0x00000000eab00000,0x00000000eab00000,0x00000000ec080000)
  from space 1536K, 0% used [0x00000000ec400000,0x00000000ec400000,0x00000000ec580000)
  to   space 1536K, 0% used [0x00000000ec280000,0x00000000ec280000,0x00000000ec400000)
 ParOldGen       total 68608K, used 17146K [0x00000000c0000000, 0x00000000c4300000, 0x00000000eab00000)
  object space 68608K, 24% used [0x00000000c0000000,0x00000000c10be830,0x00000000c4300000)
 Metaspace       used 34908K, committed 35840K, reserved 1114112K
  class space    used 3522K, committed 3904K, reserved 1048576K
}
Event: 74.030 GC heap before
{Heap before GC invocations=17 (full 2):
 PSYoungGen      total 23552K, used 22016K [0x00000000eab00000, 0x00000000ec580000, 0x0000000100000000)
  eden space 22016K, 100% used [0x00000000eab00000,0x00000000ec080000,0x00000000ec080000)
  from space 1536K, 0% used [0x00000000ec400000,0x00000000ec400000,0x00000000ec580000)
  to   space 1536K, 0% used [0x00000000ec280000,0x00000000ec280000,0x00000000ec400000)
 ParOldGen       total 68608K, used 17146K [0x00000000c0000000, 0x00000000c4300000, 0x00000000eab00000)
  object space 68608K, 24% used [0x00000000c0000000,0x00000000c10be830,0x00000000c4300000)
 Metaspace       used 37493K, committed 38464K, reserved 1114112K
  class space    used 3871K, committed 4288K, reserved 1048576K
}
Event: 74.041 GC heap after
{Heap after GC invocations=17 (full 2):
 PSYoungGen      total 23552K, used 1536K [0x00000000eab00000, 0x00000000ec480000, 0x0000000100000000)
  eden space 22016K, 0% used [0x00000000eab00000,0x00000000eab00000,0x00000000ec080000)
  from space 1536K, 100% used [0x00000000ec280000,0x00000000ec400000,0x00000000ec400000)
  to   space 512K, 0% used [0x00000000ec400000,0x00000000ec400000,0x00000000ec480000)
 ParOldGen       total 68608K, used 17178K [0x00000000c0000000, 0x00000000c4300000, 0x00000000eab00000)
  object space 68608K, 25% used [0x00000000c0000000,0x00000000c10c6830,0x00000000c4300000)
 Metaspace       used 37493K, committed 38464K, reserved 1114112K
  class space    used 3871K, committed 4288K, reserved 1048576K
}
Event: 78.262 GC heap before
{Heap before GC invocations=18 (full 2):
 PSYoungGen      total 23552K, used 23552K [0x00000000eab00000, 0x00000000ec480000, 0x0000000100000000)
  eden space 22016K, 100% used [0x00000000eab00000,0x00000000ec080000,0x00000000ec080000)
  from space 1536K, 100% used [0x00000000ec280000,0x00000000ec400000,0x00000000ec400000)
  to   space 512K, 0% used [0x00000000ec400000,0x00000000ec400000,0x00000000ec480000)
 ParOldGen       total 68608K, used 17178K [0x00000000c0000000, 0x00000000c4300000, 0x00000000eab00000)
  object space 68608K, 25% used [0x00000000c0000000,0x00000000c10c6830,0x00000000c4300000)
 Metaspace       used 40332K, committed 41344K, reserved 1114112K
  class space    used 4204K, committed 4672K, reserved 1048576K
}
Event: 78.278 GC heap after
{Heap after GC invocations=18 (full 2):
 PSYoungGen      total 22528K, used 499K [0x00000000eab00000, 0x00000000ec780000, 0x0000000100000000)
  eden space 22016K, 0% used [0x00000000eab00000,0x00000000eab00000,0x00000000ec080000)
  from space 512K, 97% used [0x00000000ec400000,0x00000000ec47ce00,0x00000000ec480000)
  to   space 3584K, 0% used [0x00000000ec080000,0x00000000ec080000,0x00000000ec400000)
 ParOldGen       total 68608K, used 19757K [0x00000000c0000000, 0x00000000c4300000, 0x00000000eab00000)
  object space 68608K, 28% used [0x00000000c0000000,0x00000000c134b568,0x00000000c4300000)
 Metaspace       used 40332K, committed 41344K, reserved 1114112K
  class space    used 4204K, committed 4672K, reserved 1048576K
}
Event: 79.635 GC heap before
{Heap before GC invocations=19 (full 2):
 PSYoungGen      total 22528K, used 22515K [0x00000000eab00000, 0x00000000ec780000, 0x0000000100000000)
  eden space 22016K, 100% used [0x00000000eab00000,0x00000000ec080000,0x00000000ec080000)
  from space 512K, 97% used [0x00000000ec400000,0x00000000ec47ce00,0x00000000ec480000)
  to   space 3584K, 0% used [0x00000000ec080000,0x00000000ec080000,0x00000000ec400000)
 ParOldGen       total 68608K, used 19757K [0x00000000c0000000, 0x00000000c4300000, 0x00000000eab00000)
  object space 68608K, 28% used [0x00000000c0000000,0x00000000c134b568,0x00000000c4300000)
 Metaspace       used 43561K, committed 44544K, reserved 1114112K
  class space    used 4579K, committed 4992K, reserved 1048576K
}
Event: 79.638 GC heap after
{Heap after GC invocations=19 (full 2):
 PSYoungGen      total 23552K, used 1056K [0x00000000eab00000, 0x00000000ec480000, 0x0000000100000000)
  eden space 22016K, 0% used [0x00000000eab00000,0x00000000eab00000,0x00000000ec080000)
  from space 1536K, 68% used [0x00000000ec080000,0x00000000ec188000,0x00000000ec200000)
  to   space 2048K, 0% used [0x00000000ec280000,0x00000000ec280000,0x00000000ec480000)
 ParOldGen       total 68608K, used 20248K [0x00000000c0000000, 0x00000000c4300000, 0x00000000eab00000)
  object space 68608K, 29% used [0x00000000c0000000,0x00000000c13c6368,0x00000000c4300000)
 Metaspace       used 43561K, committed 44544K, reserved 1114112K
  class space    used 4579K, committed 4992K, reserved 1048576K
}
Event: 82.401 GC heap before
{Heap before GC invocations=20 (full 2):
 PSYoungGen      total 23552K, used 23064K [0x00000000eab00000, 0x00000000ec480000, 0x0000000100000000)
  eden space 22016K, 99% used [0x00000000eab00000,0x00000000ec07e350,0x00000000ec080000)
  from space 1536K, 68% used [0x00000000ec080000,0x00000000ec188000,0x00000000ec200000)
  to   space 2048K, 0% used [0x00000000ec280000,0x00000000ec280000,0x00000000ec480000)
 ParOldGen       total 68608K, used 20248K [0x00000000c0000000, 0x00000000c4300000, 0x00000000eab00000)
  object space 68608K, 29% used [0x00000000c0000000,0x00000000c13c6368,0x00000000c4300000)
 Metaspace       used 46262K, committed 47296K, reserved 1114112K
  class space    used 4883K, committed 5312K, reserved 1048576K
}
Event: 84.436 GC heap after
{Heap after GC invocations=20 (full 2):
 PSYoungGen      total 24064K, used 2048K [0x00000000eab00000, 0x00000000ec480000, 0x0000000100000000)
  eden space 22016K, 0% used [0x00000000eab00000,0x00000000eab00000,0x00000000ec080000)
  from space 2048K, 100% used [0x00000000ec280000,0x00000000ec480000,0x00000000ec480000)
  to   space 1536K, 0% used [0x00000000ec080000,0x00000000ec080000,0x00000000ec200000)
 ParOldGen       total 68608K, used 21095K [0x00000000c0000000, 0x00000000c4300000, 0x00000000eab00000)
  object space 68608K, 30% used [0x00000000c0000000,0x00000000c1499f08,0x00000000c4300000)
 Metaspace       used 46262K, committed 47296K, reserved 1114112K
  class space    used 4883K, committed 5312K, reserved 1048576K
}
Event: 93.014 GC heap before
{Heap before GC invocations=21 (full 2):
 PSYoungGen      total 24064K, used 24064K [0x00000000eab00000, 0x00000000ec480000, 0x0000000100000000)
  eden space 22016K, 100% used [0x00000000eab00000,0x00000000ec080000,0x00000000ec080000)
  from space 2048K, 100% used [0x00000000ec280000,0x00000000ec480000,0x00000000ec480000)
  to   space 1536K, 0% used [0x00000000ec080000,0x00000000ec080000,0x00000000ec200000)
 ParOldGen       total 68608K, used 21095K [0x00000000c0000000, 0x00000000c4300000, 0x00000000eab00000)
  object space 68608K, 30% used [0x00000000c0000000,0x00000000c1499f08,0x00000000c4300000)
 Metaspace       used 48769K, committed 49856K, reserved 1114112K
  class space    used 5194K, committed 5696K, reserved 1048576K
}
Event: 93.050 GC heap after
{Heap after GC invocations=21 (full 2):
 PSYoungGen      total 23552K, used 1293K [0x00000000eab00000, 0x00000000ec480000, 0x0000000100000000)
  eden space 22016K, 0% used [0x00000000eab00000,0x00000000eab00000,0x00000000ec080000)
  from space 1536K, 84% used [0x00000000ec080000,0x00000000ec1c3550,0x00000000ec200000)
  to   space 2048K, 0% used [0x00000000ec280000,0x00000000ec280000,0x00000000ec480000)
 ParOldGen       total 68608K, used 23031K [0x00000000c0000000, 0x00000000c4300000, 0x00000000eab00000)
  object space 68608K, 33% used [0x00000000c0000000,0x00000000c167df28,0x00000000c4300000)
 Metaspace       used 48769K, committed 49856K, reserved 1114112K
  class space    used 5194K, committed 5696K, reserved 1048576K
}

Dll operation events (14 events):
Event: 0.029 Loaded shared library c:\Users\kiran\.vscode\extensions\redhat.java-1.42.0-win32-x64\jre\21.0.7-win32-x86_64\bin\java.dll
Event: 0.302 Loaded shared library c:\Users\kiran\.vscode\extensions\redhat.java-1.42.0-win32-x64\jre\21.0.7-win32-x86_64\bin\zip.dll
Event: 0.355 Loaded shared library C:\Users\kiran\.vscode\extensions\redhat.java-1.42.0-win32-x64\jre\21.0.7-win32-x86_64\bin\instrument.dll
Event: 0.371 Loaded shared library C:\Users\kiran\.vscode\extensions\redhat.java-1.42.0-win32-x64\jre\21.0.7-win32-x86_64\bin\net.dll
Event: 0.377 Loaded shared library C:\Users\kiran\.vscode\extensions\redhat.java-1.42.0-win32-x64\jre\21.0.7-win32-x86_64\bin\nio.dll
Event: 0.384 Loaded shared library C:\Users\kiran\.vscode\extensions\redhat.java-1.42.0-win32-x64\jre\21.0.7-win32-x86_64\bin\zip.dll
Event: 0.420 Loaded shared library C:\Users\kiran\.vscode\extensions\redhat.java-1.42.0-win32-x64\jre\21.0.7-win32-x86_64\bin\jimage.dll
Event: 0.563 Loaded shared library c:\Users\kiran\.vscode\extensions\redhat.java-1.42.0-win32-x64\jre\21.0.7-win32-x86_64\bin\verify.dll
Event: 27.821 Loaded shared library C:\Users\kiran\AppData\Roaming\Code\User\globalStorage\redhat.java\1.42.0\config_win\org.eclipse.equinox.launcher\org.eclipse.equinox.launcher.win32.win32.x86_64_1.2.1300.v20250331-1702\eclipse_11911.dll
Event: 62.270 Loaded shared library C:\Users\kiran\.vscode\extensions\redhat.java-1.42.0-win32-x64\jre\21.0.7-win32-x86_64\bin\management.dll
Event: 62.302 Loaded shared library C:\Users\kiran\.vscode\extensions\redhat.java-1.42.0-win32-x64\jre\21.0.7-win32-x86_64\bin\management_ext.dll
Event: 76.117 Loaded shared library C:\Users\kiran\AppData\Local\Temp\jna-102057473\jna10912337874980840751.dll
Event: 82.387 Loaded shared library C:\Users\kiran\.vscode\extensions\redhat.java-1.42.0-win32-x64\jre\21.0.7-win32-x86_64\bin\sunmscapi.dll
Event: 88.349 Loaded shared library C:\Users\kiran\.vscode\extensions\redhat.java-1.42.0-win32-x64\jre\21.0.7-win32-x86_64\bin\extnet.dll

Deoptimization events (20 events):
Event: 94.463 Thread 0x000001b17f13fe50 DEOPT PACKING pc=0x000001b16bbe7550 sp=0x00000060950fe9f0
Event: 94.463 Thread 0x000001b17f13fe50 DEOPT UNPACKING pc=0x000001b172c44242 sp=0x00000060950fdf48 mode 0
Event: 94.463 Thread 0x000001b17f13fe50 DEOPT PACKING pc=0x000001b16bbe7550 sp=0x00000060950fe9f0
Event: 94.463 Thread 0x000001b17f13fe50 DEOPT UNPACKING pc=0x000001b172c44242 sp=0x00000060950fdf48 mode 0
Event: 94.464 Thread 0x000001b17f13fe50 DEOPT PACKING pc=0x000001b16bbe7550 sp=0x00000060950fe9f0
Event: 94.464 Thread 0x000001b17f13fe50 DEOPT UNPACKING pc=0x000001b172c44242 sp=0x00000060950fdf48 mode 0
Event: 94.465 Thread 0x000001b17f13fe50 DEOPT PACKING pc=0x000001b16bbe7550 sp=0x00000060950fe9f0
Event: 94.465 Thread 0x000001b17f13fe50 DEOPT UNPACKING pc=0x000001b172c44242 sp=0x00000060950fdf48 mode 0
Event: 94.466 Thread 0x000001b17f13fe50 DEOPT PACKING pc=0x000001b16bbe7550 sp=0x00000060950fe9f0
Event: 94.466 Thread 0x000001b17f13fe50 DEOPT UNPACKING pc=0x000001b172c44242 sp=0x00000060950fdf48 mode 0
Event: 94.467 Thread 0x000001b17f13fe50 DEOPT PACKING pc=0x000001b16bbe7550 sp=0x00000060950fe9f0
Event: 94.467 Thread 0x000001b17f13fe50 DEOPT UNPACKING pc=0x000001b172c44242 sp=0x00000060950fdf48 mode 0
Event: 94.467 Thread 0x000001b17f13fe50 DEOPT PACKING pc=0x000001b16bbe7550 sp=0x00000060950fe9f0
Event: 94.467 Thread 0x000001b17f13fe50 DEOPT UNPACKING pc=0x000001b172c44242 sp=0x00000060950fdf48 mode 0
Event: 94.565 Thread 0x000001b17f13fe50 DEOPT PACKING pc=0x000001b16bd0319f sp=0x00000060950fe840
Event: 94.565 Thread 0x000001b17f13fe50 DEOPT UNPACKING pc=0x000001b172c44242 sp=0x00000060950fdd18 mode 0
Event: 95.640 Thread 0x000001b17f13fe50 Uncommon trap: trap_request=0xffffffc6 fr.pc=0x000001b173475098 relative=0x0000000000000698
Event: 95.641 Thread 0x000001b17f13fe50 Uncommon trap: reason=bimorphic_or_optimized_type_check action=maybe_recompile pc=0x000001b173475098 method=java.util.Hashtable.get(Ljava/lang/Object;)Ljava/lang/Object; @ 6 c2
Event: 95.641 Thread 0x000001b17f13fe50 DEOPT PACKING pc=0x000001b173475098 sp=0x00000060950fe790
Event: 95.641 Thread 0x000001b17f13fe50 DEOPT UNPACKING pc=0x000001b172c43aa2 sp=0x00000060950fe740 mode 2

Classes loaded (20 events):
Event: 93.683 Loading class sun/net/www/http/KeepAliveStream
Event: 93.685 Loading class sun/net/www/http/Hurryable
Event: 93.685 Loading class sun/net/www/http/Hurryable done
Event: 93.685 Loading class sun/net/www/MeteredStream
Event: 93.687 Loading class sun/net/www/MeteredStream done
Event: 93.687 Loading class sun/net/www/http/KeepAliveStream done
Event: 93.688 Loading class sun/net/www/http/KeepAliveStreamCleaner
Event: 93.689 Loading class sun/net/www/http/KeepAliveStreamCleaner done
Event: 93.713 Loading class sun/net/www/http/KeepAliveStreamCleaner$1
Event: 93.714 Loading class sun/net/www/http/KeepAliveStreamCleaner$1 done
Event: 93.714 Loading class sun/net/www/http/KeepAliveStreamCleaner$2
Event: 93.716 Loading class sun/net/www/http/KeepAliveStreamCleaner$2 done
Event: 93.716 Loading class sun/net/www/protocol/http/HttpURLConnection$HttpInputStream
Event: 93.718 Loading class sun/net/www/protocol/http/HttpURLConnection$HttpInputStream done
Event: 94.070 Loading class sun/net/www/http/KeepAliveCache$1
Event: 94.081 Loading class sun/net/www/http/KeepAliveCache$1 done
Event: 94.087 Loading class sun/net/www/http/KeepAliveCache$ClientVector
Event: 94.091 Loading class sun/net/www/http/KeepAliveCache$ClientVector done
Event: 94.152 Loading class sun/net/www/http/KeepAliveEntry
Event: 94.168 Loading class sun/net/www/http/KeepAliveEntry done

Classes unloaded (12 events):
Event: 67.498 Thread 0x000001b17c8a4100 Unloading class 0x000001b1011a9c00 'java/lang/invoke/LambdaForm$MH+0x000001b1011a9c00'
Event: 67.499 Thread 0x000001b17c8a4100 Unloading class 0x000001b1011a9800 'java/lang/invoke/LambdaForm$MH+0x000001b1011a9800'
Event: 67.499 Thread 0x000001b17c8a4100 Unloading class 0x000001b1011a9400 'java/lang/invoke/LambdaForm$MH+0x000001b1011a9400'
Event: 67.499 Thread 0x000001b17c8a4100 Unloading class 0x000001b1011a9000 'java/lang/invoke/LambdaForm$MH+0x000001b1011a9000'
Event: 67.499 Thread 0x000001b17c8a4100 Unloading class 0x000001b1011a8c00 'java/lang/invoke/LambdaForm$BMH+0x000001b1011a8c00'
Event: 67.499 Thread 0x000001b17c8a4100 Unloading class 0x000001b1011a8800 'java/lang/invoke/LambdaForm$DMH+0x000001b1011a8800'
Event: 67.499 Thread 0x000001b17c8a4100 Unloading class 0x000001b1011a3400 'java/lang/invoke/LambdaForm$DMH+0x000001b1011a3400'
Event: 71.704 Thread 0x000001b17c8a4100 Unloading class 0x000001b101298800 'java/lang/invoke/LambdaForm$MH+0x000001b101298800'
Event: 71.704 Thread 0x000001b17c8a4100 Unloading class 0x000001b101297c00 'java/lang/invoke/LambdaForm$MH+0x000001b101297c00'
Event: 71.704 Thread 0x000001b17c8a4100 Unloading class 0x000001b101297400 'java/lang/invoke/LambdaForm$MH+0x000001b101297400'
Event: 71.704 Thread 0x000001b17c8a4100 Unloading class 0x000001b101297000 'java/lang/invoke/LambdaForm$MH+0x000001b101297000'
Event: 71.704 Thread 0x000001b17c8a4100 Unloading class 0x000001b101296800 'java/lang/invoke/LambdaForm$DMH+0x000001b101296800'

Classes redefined (0 events):
No events

Internal exceptions (20 events):
Event: 87.389 Thread 0x000001b1459f0720 Exception <a 'sun/nio/fs/WindowsException'{0x00000000eb0eb298}> (0x00000000eb0eb298) 
thrown [s\src\hotspot\share\prims\jni.cpp, line 520]
Event: 87.390 Thread 0x000001b1459f0720 Exception <a 'sun/nio/fs/WindowsException'{0x00000000eb0ec2a8}> (0x00000000eb0ec2a8) 
thrown [s\src\hotspot\share\prims\jni.cpp, line 520]
Event: 87.391 Thread 0x000001b1459f0720 Exception <a 'sun/nio/fs/WindowsException'{0x00000000eb0ecb88}> (0x00000000eb0ecb88) 
thrown [s\src\hotspot\share\prims\jni.cpp, line 520]
Event: 87.395 Thread 0x000001b1459f0720 Exception <a 'sun/nio/fs/WindowsException'{0x00000000eb0ee938}> (0x00000000eb0ee938) 
thrown [s\src\hotspot\share\prims\jni.cpp, line 520]
Event: 87.429 Thread 0x000001b1459f0720 Exception <a 'sun/nio/fs/WindowsException'{0x00000000eb0f6a20}> (0x00000000eb0f6a20) 
thrown [s\src\hotspot\share\prims\jni.cpp, line 520]
Event: 87.462 Thread 0x000001b1459f0720 Exception <a 'sun/nio/fs/WindowsException'{0x00000000eb1004c8}> (0x00000000eb1004c8) 
thrown [s\src\hotspot\share\prims\jni.cpp, line 520]
Event: 87.462 Thread 0x000001b1459f0720 Exception <a 'sun/nio/fs/WindowsException'{0x00000000eb100e88}> (0x00000000eb100e88) 
thrown [s\src\hotspot\share\prims\jni.cpp, line 520]
Event: 87.510 Thread 0x000001b1452c6c30 Exception <a 'sun/nio/fs/WindowsException'{0x00000000eb18b618}> (0x00000000eb18b618) 
thrown [s\src\hotspot\share\prims\jni.cpp, line 520]
Event: 87.559 Thread 0x000001b1452c6c30 Exception <a 'sun/nio/fs/WindowsException'{0x00000000eb19a2e0}> (0x00000000eb19a2e0) 
thrown [s\src\hotspot\share\prims\jni.cpp, line 520]
Event: 87.571 Thread 0x000001b1452c6c30 Exception <a 'sun/nio/fs/WindowsException'{0x00000000eb1a91b0}> (0x00000000eb1a91b0) 
thrown [s\src\hotspot\share\prims\jni.cpp, line 520]
Event: 87.606 Thread 0x000001b1459f0720 Exception <a 'sun/nio/fs/WindowsException'{0x00000000eb1e71f0}> (0x00000000eb1e71f0) 
thrown [s\src\hotspot\share\prims\jni.cpp, line 520]
Event: 87.609 Thread 0x000001b1459f0720 Exception <a 'sun/nio/fs/WindowsException'{0x00000000eb1e7cf0}> (0x00000000eb1e7cf0) 
thrown [s\src\hotspot\share\prims\jni.cpp, line 520]
Event: 87.610 Thread 0x000001b1459f0720 Exception <a 'sun/nio/fs/WindowsException'{0x00000000eb1e8ce8}> (0x00000000eb1e8ce8) 
thrown [s\src\hotspot\share\prims\jni.cpp, line 520]
Event: 87.610 Thread 0x000001b1459f0720 Exception <a 'sun/nio/fs/WindowsException'{0x00000000eb1e96a8}> (0x00000000eb1e96a8) 
thrown [s\src\hotspot\share\prims\jni.cpp, line 520]
Event: 87.611 Thread 0x000001b1459f0720 Exception <a 'sun/nio/fs/WindowsException'{0x00000000eb1ea410}> (0x00000000eb1ea410) 
thrown [s\src\hotspot\share\prims\jni.cpp, line 520]
Event: 87.611 Thread 0x000001b1459f0720 Exception <a 'sun/nio/fs/WindowsException'{0x00000000eb1eacf0}> (0x00000000eb1eacf0) 
thrown [s\src\hotspot\share\prims\jni.cpp, line 520]
Event: 87.613 Thread 0x000001b1459f0720 Exception <a 'sun/nio/fs/WindowsException'{0x00000000eb1fc900}> (0x00000000eb1fc900) 
thrown [s\src\hotspot\share\prims\jni.cpp, line 520]
Event: 87.614 Thread 0x000001b1459f0720 Exception <a 'sun/nio/fs/WindowsException'{0x00000000eb202ba8}> (0x00000000eb202ba8) 
thrown [s\src\hotspot\share\prims\jni.cpp, line 520]
Event: 92.619 Thread 0x000001b1452c65a0 Implicit null exception at 0x000001b1732b266c to 0x000001b1732b2728
Event: 94.358 Thread 0x000001b1452c65a0 Exception <a 'java/lang/NoSuchMethodError'{0x00000000eb0fc830}: 'void java.lang.invoke.DirectMethodHandle$Holder.invokeStaticInit(java.lang.Object, java.lang.Object, java.lang.Object, java.lang.Object)'> (0x00000000eb0fc830) 
thrown [s\src\hotspot\share\interpreter\linkResolver.cpp, line 773]

ZGC Phase Switch (0 events):
No events

VM Operations (20 events):
Event: 89.200 Executing VM operation: Cleanup
Event: 89.201 Executing VM operation: Cleanup done
Event: 90.217 Executing VM operation: Cleanup
Event: 90.905 Executing VM operation: Cleanup done
Event: 91.909 Executing VM operation: Cleanup
Event: 91.910 Executing VM operation: Cleanup done
Event: 92.911 Executing VM operation: Cleanup
Event: 92.944 Executing VM operation: Cleanup done
Event: 93.013 Executing VM operation: ParallelGCFailedAllocation (Allocation Failure)
Event: 93.050 Executing VM operation: ParallelGCFailedAllocation (Allocation Failure) done
Event: 93.694 Executing VM operation: HandshakeAllThreads (Deoptimize)
Event: 93.713 Executing VM operation: HandshakeAllThreads (Deoptimize) done
Event: 94.095 Executing VM operation: HandshakeAllThreads (Deoptimize)
Event: 94.101 Executing VM operation: HandshakeAllThreads (Deoptimize) done
Event: 94.101 Executing VM operation: Cleanup
Event: 94.117 Executing VM operation: Cleanup done
Event: 95.129 Executing VM operation: Cleanup
Event: 95.360 Executing VM operation: Cleanup done
Event: 96.369 Executing VM operation: Cleanup
Event: 96.408 Executing VM operation: Cleanup done

Memory protections (0 events):
No events

Nmethod flushes (20 events):
Event: 71.740 Thread 0x000001b17c8a4100 flushing  nmethod 0x000001b16be14510
Event: 71.740 Thread 0x000001b17c8a4100 flushing  nmethod 0x000001b16be34310
Event: 71.740 Thread 0x000001b17c8a4100 flushing  nmethod 0x000001b16be55310
Event: 71.740 Thread 0x000001b17c8a4100 flushing  nmethod 0x000001b16be75110
Event: 71.740 Thread 0x000001b17c8a4100 flushing  nmethod 0x000001b16be75b10
Event: 71.740 Thread 0x000001b17c8a4100 flushing  nmethod 0x000001b16bea1690
Event: 71.740 Thread 0x000001b17c8a4100 flushing  nmethod 0x000001b16bea1a90
Event: 71.740 Thread 0x000001b17c8a4100 flushing  nmethod 0x000001b16bea2390
Event: 71.740 Thread 0x000001b17c8a4100 flushing  nmethod 0x000001b16bea3590
Event: 71.740 Thread 0x000001b17c8a4100 flushing  nmethod 0x000001b16bea3d90
Event: 71.740 Thread 0x000001b17c8a4100 flushing  nmethod 0x000001b16bea4510
Event: 71.740 Thread 0x000001b17c8a4100 flushing  nmethod 0x000001b16bea5a90
Event: 71.740 Thread 0x000001b17c8a4100 flushing  nmethod 0x000001b16bea6790
Event: 71.740 Thread 0x000001b17c8a4100 flushing  nmethod 0x000001b16bea7c90
Event: 71.740 Thread 0x000001b17c8a4100 flushing  nmethod 0x000001b16bea8110
Event: 71.740 Thread 0x000001b17c8a4100 flushing  nmethod 0x000001b16bea9210
Event: 71.740 Thread 0x000001b17c8a4100 flushing  nmethod 0x000001b16beaa690
Event: 71.740 Thread 0x000001b17c8a4100 flushing  nmethod 0x000001b16bf2cc10
Event: 71.740 Thread 0x000001b17c8a4100 flushing  nmethod 0x000001b16bf6c790
Event: 71.740 Thread 0x000001b17c8a4100 flushing  nmethod 0x000001b16bfa6f90

Events (20 events):
Event: 76.410 Thread 0x000001b17f0ca300 Thread added: 0x000001b1452ca0b0
Event: 78.536 Thread 0x000001b1684cea10 Thread added: 0x000001b1452cbaf0
Event: 78.543 Thread 0x000001b1684cea10 Thread added: 0x000001b1452c9a20
Event: 78.543 Thread 0x000001b1684cea10 Thread added: 0x000001b1452ca740
Event: 78.543 Thread 0x000001b1684cea10 Thread added: 0x000001b1452cadd0
Event: 78.543 Thread 0x000001b1684cea10 Thread added: 0x000001b1452c8670
Event: 78.543 Thread 0x000001b1684cea10 Thread added: 0x000001b1452cc180
Event: 78.543 Thread 0x000001b1684cea10 Thread added: 0x000001b1452cb460
Event: 78.546 Thread 0x000001b1684cea10 Thread added: 0x000001b17f2a8a70
Event: 78.547 Thread 0x000001b1684cea10 Thread added: 0x000001b17f2a6310
Event: 78.548 Thread 0x000001b1684cea10 Thread added: 0x000001b17f2a9100
Event: 78.550 Thread 0x000001b1684cea10 Thread added: 0x000001b17f2a7030
Event: 78.550 Thread 0x000001b1684cea10 Thread added: 0x000001b17f2a9790
Event: 78.551 Thread 0x000001b1684cea10 Thread added: 0x000001b17f2a7d50
Event: 78.704 Thread 0x000001b1684cea10 Thread added: 0x000001b17f2a69a0
Event: 79.746 Thread 0x000001b1684cea10 Thread added: 0x000001b17f2a76c0
Event: 79.747 Thread 0x000001b1684cea10 Thread added: 0x000001b1459f0720
Event: 93.597 Thread 0x000001b1452c65a0 Thread added: 0x000001b1459f2160
Event: 93.648 Thread 0x000001b1459f2160 Thread exited: 0x000001b1459f2160
Event: 94.086 Thread 0x000001b1452c65a0 Thread added: 0x000001b1459f0090


Dynamic libraries:
0x00007ff6ea8a0000 - 0x00007ff6ea8ae000 	c:\Users\kiran\.vscode\extensions\redhat.java-1.42.0-win32-x64\jre\21.0.7-win32-x86_64\bin\java.exe
0x00007ffcbce20000 - 0x00007ffcbd086000 	C:\WINDOWS\SYSTEM32\ntdll.dll
0x00007ffcbc300000 - 0x00007ffcbc3c9000 	C:\WINDOWS\System32\KERNEL32.DLL
0x00007ffcba1c0000 - 0x00007ffcba58c000 	C:\WINDOWS\System32\KERNELBASE.dll
0x00007ffcba930000 - 0x00007ffcbaa7b000 	C:\WINDOWS\System32\ucrtbase.dll
0x00007ffc97420000 - 0x00007ffc97438000 	c:\Users\kiran\.vscode\extensions\redhat.java-1.42.0-win32-x64\jre\21.0.7-win32-x86_64\bin\jli.dll
0x00007ffc9b330000 - 0x00007ffc9b34e000 	c:\Users\kiran\.vscode\extensions\redhat.java-1.42.0-win32-x64\jre\21.0.7-win32-x86_64\bin\VCRUNTIME140.dll
0x00007ffcbc520000 - 0x00007ffcbc6ea000 	C:\WINDOWS\System32\USER32.dll
0x00007ffca2fc0000 - 0x00007ffca325a000 	C:\WINDOWS\WinSxS\amd64_microsoft.windows.common-controls_6595b64144ccf1df_6.0.26100.3912_none_3e07963ce335137e\COMCTL32.dll
0x00007ffcba780000 - 0x00007ffcba7a7000 	C:\WINDOWS\System32\win32u.dll
0x00007ffcbc2d0000 - 0x00007ffcbc2fb000 	C:\WINDOWS\System32\GDI32.dll
0x00007ffcba590000 - 0x00007ffcba6c2000 	C:\WINDOWS\System32\gdi32full.dll
0x00007ffcba6d0000 - 0x00007ffcba773000 	C:\WINDOWS\System32\msvcp_win.dll
0x00007ffcbc030000 - 0x00007ffcbc0d9000 	C:\WINDOWS\System32\msvcrt.dll
0x00007ffcbb400000 - 0x00007ffcbb430000 	C:\WINDOWS\System32\IMM32.DLL
0x00007ffcac610000 - 0x00007ffcac61c000 	c:\Users\kiran\.vscode\extensions\redhat.java-1.42.0-win32-x64\jre\21.0.7-win32-x86_64\bin\vcruntime140_1.dll
0x00007ffc6db20000 - 0x00007ffc6dbad000 	c:\Users\kiran\.vscode\extensions\redhat.java-1.42.0-win32-x64\jre\21.0.7-win32-x86_64\bin\msvcp140.dll
0x00007ffc17de0000 - 0x00007ffc18b70000 	c:\Users\kiran\.vscode\extensions\redhat.java-1.42.0-win32-x64\jre\21.0.7-win32-x86_64\bin\server\jvm.dll
0x00007ffcbbf70000 - 0x00007ffcbc022000 	C:\WINDOWS\System32\ADVAPI32.dll
0x00007ffcbc450000 - 0x00007ffcbc4f6000 	C:\WINDOWS\System32\sechost.dll
0x00007ffcbad50000 - 0x00007ffcbae66000 	C:\WINDOWS\System32\RPCRT4.dll
0x00007ffcbacc0000 - 0x00007ffcbad34000 	C:\WINDOWS\System32\WS2_32.dll
0x00007ffcb8bc0000 - 0x00007ffcb8c1e000 	C:\WINDOWS\SYSTEM32\POWRPROF.dll
0x00007ffcacf20000 - 0x00007ffcacf56000 	C:\WINDOWS\SYSTEM32\WINMM.dll
0x00007ffc9cc80000 - 0x00007ffc9cc8b000 	C:\WINDOWS\SYSTEM32\VERSION.dll
0x00007ffcb8ba0000 - 0x00007ffcb8bb4000 	C:\WINDOWS\SYSTEM32\UMPDC.dll
0x00007ffcb8e90000 - 0x00007ffcb8eaa000 	C:\WINDOWS\SYSTEM32\kernel.appcore.dll
0x00007ffc974f0000 - 0x00007ffc974fa000 	c:\Users\kiran\.vscode\extensions\redhat.java-1.42.0-win32-x64\jre\21.0.7-win32-x86_64\bin\jimage.dll
0x00007ffcb7870000 - 0x00007ffcb7ab1000 	C:\WINDOWS\SYSTEM32\DBGHELP.DLL
0x00007ffcbc760000 - 0x00007ffcbcae4000 	C:\WINDOWS\System32\combase.dll
0x00007ffcbb310000 - 0x00007ffcbb3f0000 	C:\WINDOWS\System32\OLEAUT32.dll
0x00007ffc98830000 - 0x00007ffc98869000 	C:\WINDOWS\SYSTEM32\dbgcore.DLL
0x00007ffcbaa80000 - 0x00007ffcbab19000 	C:\WINDOWS\System32\bcryptPrimitives.dll
0x00007ffc95d60000 - 0x00007ffc95d6f000 	c:\Users\kiran\.vscode\extensions\redhat.java-1.42.0-win32-x64\jre\21.0.7-win32-x86_64\bin\instrument.dll
0x00007ffc91570000 - 0x00007ffc9158f000 	c:\Users\kiran\.vscode\extensions\redhat.java-1.42.0-win32-x64\jre\21.0.7-win32-x86_64\bin\java.dll
0x00007ffcbb6d0000 - 0x00007ffcbbdfd000 	C:\WINDOWS\System32\SHELL32.dll
0x00007ffcb9fb0000 - 0x00007ffcba124000 	C:\WINDOWS\System32\wintypes.dll
0x00007ffcb7ac0000 - 0x00007ffcb8316000 	C:\WINDOWS\SYSTEM32\windows.storage.dll
0x00007ffcbcaf0000 - 0x00007ffcbcbdf000 	C:\WINDOWS\System32\SHCORE.dll
0x00007ffcbc6f0000 - 0x00007ffcbc759000 	C:\WINDOWS\System32\shlwapi.dll
0x00007ffcb9ec0000 - 0x00007ffcb9eef000 	C:\WINDOWS\SYSTEM32\profapi.dll
0x00007ffc91550000 - 0x00007ffc91568000 	c:\Users\kiran\.vscode\extensions\redhat.java-1.42.0-win32-x64\jre\21.0.7-win32-x86_64\bin\zip.dll
0x00007ffc959a0000 - 0x00007ffc959b0000 	C:\Users\kiran\.vscode\extensions\redhat.java-1.42.0-win32-x64\jre\21.0.7-win32-x86_64\bin\net.dll
0x00007ffcae7c0000 - 0x00007ffcae8de000 	C:\WINDOWS\SYSTEM32\WINHTTP.dll
0x00007ffcb9400000 - 0x00007ffcb946a000 	C:\WINDOWS\system32\mswsock.dll
0x00007ffc8daa0000 - 0x00007ffc8dab6000 	C:\Users\kiran\.vscode\extensions\redhat.java-1.42.0-win32-x64\jre\21.0.7-win32-x86_64\bin\nio.dll
0x00007ffc8f4a0000 - 0x00007ffc8f4b0000 	c:\Users\kiran\.vscode\extensions\redhat.java-1.42.0-win32-x64\jre\21.0.7-win32-x86_64\bin\verify.dll
0x00007ffc7ba40000 - 0x00007ffc7ba85000 	C:\Users\kiran\AppData\Roaming\Code\User\globalStorage\redhat.java\1.42.0\config_win\org.eclipse.equinox.launcher\org.eclipse.equinox.launcher.win32.win32.x86_64_1.2.1300.v20250331-1702\eclipse_11911.dll
0x00007ffcbb520000 - 0x00007ffcbb6bf000 	C:\WINDOWS\System32\ole32.dll
0x00007ffc8f410000 - 0x00007ffc8f41a000 	C:\Users\kiran\.vscode\extensions\redhat.java-1.42.0-win32-x64\jre\21.0.7-win32-x86_64\bin\management.dll
0x00007ffc8da90000 - 0x00007ffc8da9b000 	C:\Users\kiran\.vscode\extensions\redhat.java-1.42.0-win32-x64\jre\21.0.7-win32-x86_64\bin\management_ext.dll
0x00007ffcbad40000 - 0x00007ffcbad48000 	C:\WINDOWS\System32\PSAPI.DLL
0x00007ffcb96a0000 - 0x00007ffcb96bc000 	C:\WINDOWS\SYSTEM32\CRYPTSP.dll
0x00007ffcb8df0000 - 0x00007ffcb8e2a000 	C:\WINDOWS\system32\rsaenh.dll
0x00007ffcb94a0000 - 0x00007ffcb94cb000 	C:\WINDOWS\SYSTEM32\USERENV.dll
0x00007ffcb9e90000 - 0x00007ffcb9eb6000 	C:\WINDOWS\SYSTEM32\bcrypt.dll
0x00007ffcb96c0000 - 0x00007ffcb96cc000 	C:\WINDOWS\SYSTEM32\CRYPTBASE.dll
0x00007ffcb87f0000 - 0x00007ffcb8823000 	C:\WINDOWS\SYSTEM32\IPHLPAPI.DLL
0x00007ffcbcbf0000 - 0x00007ffcbcbfa000 	C:\WINDOWS\System32\NSI.dll
0x00007ffc6d330000 - 0x00007ffc6d379000 	C:\Users\kiran\AppData\Local\Temp\jna-102057473\jna10912337874980840751.dll
0x00007ffcb0a40000 - 0x00007ffcb0a5f000 	C:\WINDOWS\SYSTEM32\dhcpcsvc6.DLL
0x00007ffcb0960000 - 0x00007ffcb0985000 	C:\WINDOWS\SYSTEM32\dhcpcsvc.DLL
0x00007ffc8da80000 - 0x00007ffc8da8e000 	C:\Users\kiran\.vscode\extensions\redhat.java-1.42.0-win32-x64\jre\21.0.7-win32-x86_64\bin\sunmscapi.dll
0x00007ffcba7b0000 - 0x00007ffcba927000 	C:\WINDOWS\System32\CRYPT32.dll
0x00007ffcb98b0000 - 0x00007ffcb98e0000 	C:\WINDOWS\SYSTEM32\ncrypt.dll
0x00007ffcb9860000 - 0x00007ffcb989f000 	C:\WINDOWS\SYSTEM32\NTASN1.dll
0x00007ffcb8880000 - 0x00007ffcb89a7000 	C:\WINDOWS\SYSTEM32\DNSAPI.dll
0x00007ffcac600000 - 0x00007ffcac60b000 	C:\Windows\System32\rasadhlp.dll
0x00007ffcb0e40000 - 0x00007ffcb0ec6000 	C:\WINDOWS\System32\fwpuclnt.dll
0x00007ffc8da70000 - 0x00007ffc8da79000 	C:\Users\kiran\.vscode\extensions\redhat.java-1.42.0-win32-x64\jre\21.0.7-win32-x86_64\bin\extnet.dll

dbghelp: loaded successfully - version: 4.0.5 - missing functions: none
symbol engine: initialized successfully - sym options: 0x614 - pdb path: .;c:\Users\kiran\.vscode\extensions\redhat.java-1.42.0-win32-x64\jre\21.0.7-win32-x86_64\bin;C:\WINDOWS\SYSTEM32;C:\WINDOWS\WinSxS\amd64_microsoft.windows.common-controls_6595b64144ccf1df_6.0.26100.3912_none_3e07963ce335137e;c:\Users\kiran\.vscode\extensions\redhat.java-1.42.0-win32-x64\jre\21.0.7-win32-x86_64\bin\server;C:\Users\kiran\AppData\Roaming\Code\User\globalStorage\redhat.java\1.42.0\config_win\org.eclipse.equinox.launcher\org.eclipse.equinox.launcher.win32.win32.x86_64_1.2.1300.v20250331-1702;C:\Users\kiran\AppData\Local\Temp\jna-102057473

VM Arguments:
jvm_args: --add-modules=ALL-SYSTEM --add-opens=java.base/java.util=ALL-UNNAMED --add-opens=java.base/java.lang=ALL-UNNAMED --add-opens=java.base/sun.nio.fs=ALL-UNNAMED -Declipse.application=org.eclipse.jdt.ls.core.id1 -Dosgi.bundles.defaultStartLevel=4 -Declipse.product=org.eclipse.jdt.ls.core.product -Djava.import.generatesMetadataFilesAtProjectRoot=false -DDetectVMInstallationsJob.disabled=true -Dfile.encoding=utf8 -XX:+UseParallelGC -XX:GCTimeRatio=4 -XX:AdaptiveSizePolicyWeight=90 -Dsun.zip.disableMemoryMapping=true -Xmx1G -Xms100m -Xlog:disable -javaagent:c:\Users\kiran\.vscode\extensions\redhat.java-1.42.0-win32-x64\lombok\lombok-1.18.36.jar -XX:+HeapDumpOnOutOfMemoryError -XX:HeapDumpPath=c:\Users\kiran\AppData\Roaming\Code\User\workspaceStorage\2d7ce59ca2b74894ce9e7e193435bb0d\redhat.java -Daether.dependencyCollector.impl=bf 
java_command: c:\Users\kiran\.vscode\extensions\redhat.java-1.42.0-win32-x64\server\plugins\org.eclipse.equinox.launcher_1.7.0.v20250424-1814.jar -configuration c:\Users\kiran\AppData\Roaming\Code\User\globalStorage\redhat.java\1.42.0\config_win -data c:\Users\kiran\AppData\Roaming\Code\User\workspaceStorage\2d7ce59ca2b74894ce9e7e193435bb0d\redhat.java\jdt_ws --pipe=\\.\pipe\lsp-250a4bdfa39ba5edd5fbf57cbde1d3fa-sock
java_class_path (initial): c:\Users\kiran\.vscode\extensions\redhat.java-1.42.0-win32-x64\server\plugins\org.eclipse.equinox.launcher_1.7.0.v20250424-1814.jar
Launcher Type: SUN_STANDARD

[Global flags]
    uintx AdaptiveSizePolicyWeight                 = 90                                        {product} {command line}
     intx CICompilerCount                          = 4                                         {product} {ergonomic}
    uintx GCTimeRatio                              = 4                                         {product} {command line}
     bool HeapDumpOnOutOfMemoryError               = true                                   {manageable} {command line}
    ccstr HeapDumpPath                             = c:\Users\kiran\AppData\Roaming\Code\User\workspaceStorage\2d7ce59ca2b74894ce9e7e193435bb0d\redhat.java         {manageable} {command line}
   size_t InitialHeapSize                          = 104857600                                 {product} {command line}
   size_t MaxHeapSize                              = 1073741824                                {product} {command line}
   size_t MaxNewSize                               = 357564416                                 {product} {ergonomic}
   size_t MinHeapDeltaBytes                        = 524288                                    {product} {ergonomic}
   size_t MinHeapSize                              = 104857600                                 {product} {command line}
   size_t NewSize                                  = 34603008                                  {product} {ergonomic}
    uintx NonNMethodCodeHeapSize                   = 5839372                                {pd product} {ergonomic}
    uintx NonProfiledCodeHeapSize                  = 122909434                              {pd product} {ergonomic}
   size_t OldSize                                  = 70254592                                  {product} {ergonomic}
    uintx ProfiledCodeHeapSize                     = 122909434                              {pd product} {ergonomic}
    uintx ReservedCodeCacheSize                    = 251658240                              {pd product} {ergonomic}
     bool SegmentedCodeCache                       = true                                      {product} {ergonomic}
   size_t SoftMaxHeapSize                          = 1073741824                             {manageable} {ergonomic}
     bool UseCompressedOops                        = true                           {product lp64_product} {ergonomic}
     bool UseLargePagesIndividualAllocation        = false                                  {pd product} {ergonomic}
     bool UseParallelGC                            = true                                      {product} {command line}

Logging:
Log output configuration:
 #0: stdout all=off uptime,level,tags foldmultilines=false
 #1: stderr all=off uptime,level,tags foldmultilines=false

Environment Variables:
PATH=C:\oracle\product\10.2.0\db_5\bin;C:\oracle\product\10.2.0\db_4\bin;C:\oracle\product\10.2.0\db_1\bin;C:\oracle\product\10.2.0\db_3\bin;C:\Program Files\Common Files\Oracle\Java\javapath;C:\Program Files\Eclipse Adoptium\jdk-21.0.4.7-hotspot\bin;C:\WINDOWS\system32;C:\WINDOWS;C:\WINDOWS\System32\Wbem;C:\WINDOWS\System32\WindowsPowerShell\v1.0\;C:\WINDOWS\System32\OpenSSH\;C:\ProgramData\chocolatey\bin;C:\Program Files\Git\cmd;C:\Program Files\Docker\Docker\resources\bin;C:\Program Files\nodejs\;C:\Users\kiran\AppData\Local\Programs\Python\Launcher\;C:\Users\kiran\AppData\Local\Microsoft\WindowsApps;C:\Users\kiran\AppData\Local\Programs\Python\Python312\Lib;C:\Users\kiran\AppData\Local\Programs\Python\Python312\Scripts;C:\Program Files\MySQL\MySQL Server 9.0\bin;C:\Users\kiran\AppData\Local\Programs\Python\Python313\Scripts;C:\Users\kiran\AppData\Local\Programs\Microsoft VS Code\bin;C:\Users\kiran\AppData\Local\Programs\Python\Python313\Scripts;C:\Users\kiran\AppData\Local\Microsoft\WinGet\Packages\Schniz.fnm_Microsoft.Winget.Source_8wekyb3d8bbwe;C:\Users\kiran\AppData\Roaming\npm
USERNAME=kiran
OS=Windows_NT
PROCESSOR_IDENTIFIER=Intel64 Family 6 Model 154 Stepping 4, GenuineIntel
TMP=C:\Users\kiran\AppData\Local\Temp
TEMP=C:\Users\kiran\AppData\Local\Temp




Periodic native trim disabled

---------------  S Y S T E M  ---------------

OS:
 Windows 11 , 64 bit Build 26100 (10.0.26100.3912)
OS uptime: 13 days 7:20 hours
Hyper-V role detected

CPU: total 12 (initial active 12) (6 cores per cpu, 2 threads per core) family 6 model 154 stepping 4 microcode 0x435, cx8, cmov, fxsr, ht, mmx, 3dnowpref, sse, sse2, sse3, ssse3, sse4.1, sse4.2, popcnt, lzcnt, tsc, tscinvbit, avx, avx2, aes, erms, clmul, bmi1, bmi2, adx, sha, fma, vzeroupper, clflush, clflushopt, clwb, hv, serialize, rdtscp, rdpid, fsrm, f16c, cet_ibt, cet_ss
Processor Information for the first 12 processors :
  Max Mhz: 1300, Current Mhz: 1300, Mhz Limit: 1300

Memory: 4k page, system-wide physical 5702M (1M free)
TotalPageFile size 23110M (AvailPageFile size 10M)
current process WorkingSet (physical memory assigned to process): 5M, peak: 150M
current process commit charge ("private bytes"): 303M, peak: 304M

vm_info: OpenJDK 64-Bit Server VM (21.0.7+6-LTS) for windows-amd64 JRE (21.0.7+6-LTS), built on 2025-04-15T00:00:00Z by "admin" with MS VC++ 17.7 (VS2022)

END.
